<?xml version="1.0" encoding="UTF-8"?>
<testng-results ignored="0" total="1" passed="1" failed="0" skipped="0">
  <reporter-output>
  </reporter-output>
  <suite started-at="2025-01-19T23:05:30 IST" name="Default suite" finished-at="2025-01-19T23:06:54 IST" duration-ms="84027">
    <groups>
    </groups>
    <test started-at="2025-01-19T23:05:30 IST" name="Default test" finished-at="2025-01-19T23:06:54 IST" duration-ms="84027">
      <class name="FullSetupTest">
        <test-method is-config="true" signature="setUp()[pri:0, instance:FullSetupTest@6e20b53a]" started-at="2025-01-19T23:05:31 IST" name="setUp" finished-at="2025-01-19T23:05:39 IST" duration-ms="8839" status="PASS">
          <reporter-output>
          </reporter-output>
        </test-method> <!-- setUp -->
        <test-method signature="testFullSetup()[pri:0, instance:FullSetupTest@6e20b53a]" started-at="2025-01-19T23:05:39 IST" name="testFullSetup" finished-at="2025-01-19T23:06:54 IST" duration-ms="74924" status="PASS">
          <reporter-output>
          </reporter-output>
        </test-method> <!-- testFullSetup -->
      </class> <!-- FullSetupTest -->
    </test> <!-- Default test -->
  </suite> <!-- Default suite -->
</testng-results>
